<?xml version="1.0" encoding="UTF-8"?>
<!-- Generated by org.testng.reporters.JUnitReportReporter -->
<testsuite hostname="LAPTOP-DFQ8UTQ6" name="com.acti.testcases.Loginpagetest" tests="3" failures="0" timestamp="30 Jan 2022 18:32:25 GMT" time="18.765" errors="0">
  <testcase name="testvalidateloginfunction" time="5.744" classname="com.acti.testcases.Loginpagetest"/>
  <testcase name="testverifyactilogo" time="5.211" classname="com.acti.testcases.Loginpagetest"/>
  <testcase name="testloginpagetitle" time="7.810" classname="com.acti.testcases.Loginpagetest"/>
</testsuite> <!-- com.acti.testcases.Loginpagetest -->
