<?xml version="1.0" encoding="UTF-8"?>
<!-- Generated by org.testng.reporters.JUnitReportReporter -->
<testsuite hostname="LAPTOP-DFQ8UTQ6" name="com.acti.testcases.Testcreatecustomer" tests="1" failures="0" timestamp="31 Jan 2022 22:09:53 GMT" time="15.497" errors="0">
  <testcase name="testcreatecustomer" time="15.497" classname="com.acti.testcases.Testcreatecustomer"/>
</testsuite> <!-- com.acti.testcases.Testcreatecustomer -->
