<?xml version="1.0" encoding="UTF-8"?>
<!-- Generated by org.testng.reporters.JUnitReportReporter -->
<testsuite hostname="LAPTOP-DFQ8UTQ6" name="com.acti.base.Driverscript" tests="1" failures="0" timestamp="28 Jan 2022 00:56:54 GMT" time="6.851" errors="0">
  <testcase name="initapp" time="6.851" classname="com.acti.base.Driverscript"/>
</testsuite> <!-- com.acti.base.Driverscript -->
